

Started GET "/" for ::1 at 2016-04-27 10:57:02 -0400
Processing by TournamentsController#index as HTML
  Rendered tournaments/index.html.erb within layouts/application (28.7ms)
Completed 200 OK in 982ms (Views: 981.6ms | ActiveRecord: 0.0ms)


Started GET "/assets/bootstrap.self-f483ac3b88e1e3370077b698c09eeccfa05db3d0e26a303a9067085517dd829c.css?body=1" for ::1 at 2016-04-27 10:57:04 -0400


Started GET "/assets/tournaments.self-6d2bc1e9c564bdadff8dd9ed601cd16cfebad46dc4033dfdd3055345a9cddc26.css?body=1" for ::1 at 2016-04-27 10:57:04 -0400


Started GET "/assets/application.self-d885a0a66bd595c10edb24f8879f94e334d88be0730c4d7c7a7b57c731c09037.css?body=1" for ::1 at 2016-04-27 10:57:04 -0400


Started GET "/assets/jquery_readyselector.self-e8333e4cf02799551960a3d4743eee34a3486889bfb9339716ea7deafb7b5224.js?body=1" for ::1 at 2016-04-27 10:57:04 -0400


Started GET "/assets/jquery_ujs.self-d602bdfe68ffc63b9f9cc512872aa3cfff046228a0a36e90dd476e8ef54c1b09.js?body=1" for ::1 at 2016-04-27 10:57:04 -0400


Started GET "/assets/jquery.self-c64a74367bda6ef8b860f19e74df08927ca99d2be2ac934e9e92d5fd361e0da4.js?body=1" for ::1 at 2016-04-27 10:57:04 -0400


Started GET "/assets/bootstrap.self-2bbd2c0465f01b1f8270958ddfc2e62a08915f295a35d22df2971eb936cf3c64.js?body=1" for ::1 at 2016-04-27 10:57:04 -0400


Started GET "/assets/build-error-html.self-5fe653b6c12fee9832fa0fde9c3a201b39d4d2e094ffa0494e4545c21260ac84.js?body=1" for ::1 at 2016-04-27 10:57:04 -0400


Started GET "/assets/tournament-new.self-2c228e2bdf8deb82248a753ebacc70a5d3d96d93e3c6ce75639cf3e4387f9bfd.js?body=1" for ::1 at 2016-04-27 10:57:04 -0400


Started GET "/assets/build-tourney-html.self-ad498f66a5be7bd61752052559cec3db8f612030f0769e16a0b2e8da7a5752fd.js?body=1" for ::1 at 2016-04-27 10:57:04 -0400


Started GET "/assets/build-tourney-list-html.self-b543f1c45e64cf6131722a6793a5c941c6738105abbc7cd54724623b02630080.js?body=1" for ::1 at 2016-04-27 10:57:04 -0400


Started GET "/assets/tournaments-index.self-ae549ecf426b408499148430bdede6fc35266bac623ed81d5d000e12363a181a.js?body=1" for ::1 at 2016-04-27 10:57:04 -0400


Started GET "/assets/application.self-f8806224e027f3e3f0138ea9ce99319e298dfdb323304d1f1be6eae8e8c74724.js?body=1" for ::1 at 2016-04-27 10:57:04 -0400


Started GET "/assets/tournaments.self-d8ac4eba90c65f43025ec5fba60840863af26310beecab62c6e2983dc07953f9.js?body=1" for ::1 at 2016-04-27 10:57:04 -0400


Started GET "/api/tournaments.json" for ::1 at 2016-04-27 10:57:04 -0400

ActionController::RoutingError (No route matches [GET] "/api/tournaments.json"):
  actionpack (4.2.1) lib/action_dispatch/middleware/debug_exceptions.rb:21:in `call'
  web-console (2.3.0) lib/web_console/middleware.rb:28:in `block in call'
  web-console (2.3.0) lib/web_console/middleware.rb:18:in `catch'
  web-console (2.3.0) lib/web_console/middleware.rb:18:in `call'
  actionpack (4.2.1) lib/action_dispatch/middleware/show_exceptions.rb:30:in `call'
  railties (4.2.1) lib/rails/rack/logger.rb:38:in `call_app'
  railties (4.2.1) lib/rails/rack/logger.rb:20:in `block in call'
  activesupport (4.2.1) lib/active_support/tagged_logging.rb:68:in `block in tagged'
  activesupport (4.2.1) lib/active_support/tagged_logging.rb:26:in `tagged'
  activesupport (4.2.1) lib/active_support/tagged_logging.rb:68:in `tagged'
  railties (4.2.1) lib/rails/rack/logger.rb:20:in `call'
  actionpack (4.2.1) lib/action_dispatch/middleware/request_id.rb:21:in `call'
  rack (1.6.4) lib/rack/methodoverride.rb:22:in `call'
  rack (1.6.4) lib/rack/runtime.rb:18:in `call'
  activesupport (4.2.1) lib/active_support/cache/strategy/local_cache_middleware.rb:28:in `call'
  rack (1.6.4) lib/rack/lock.rb:17:in `call'
  actionpack (4.2.1) lib/action_dispatch/middleware/static.rb:113:in `call'
  rack (1.6.4) lib/rack/sendfile.rb:113:in `call'
  railties (4.2.1) lib/rails/engine.rb:518:in `call'
  railties (4.2.1) lib/rails/application.rb:164:in `call'
  rack (1.6.4) lib/rack/lock.rb:17:in `call'
  rack (1.6.4) lib/rack/content_length.rb:15:in `call'
  rack (1.6.4) lib/rack/handler/webrick.rb:88:in `service'
  /Users/josh/.rbenv/versions/2.2.2/lib/ruby/2.2.0/webrick/httpserver.rb:138:in `service'
  /Users/josh/.rbenv/versions/2.2.2/lib/ruby/2.2.0/webrick/httpserver.rb:94:in `run'
  /Users/josh/.rbenv/versions/2.2.2/lib/ruby/2.2.0/webrick/server.rb:294:in `block in start_thread'


  Rendered /Users/josh/.rbenv/versions/2.2.2/lib/ruby/gems/2.2.0/gems/actionpack-4.2.1/lib/action_dispatch/middleware/templates/rescues/_trace.text.erb (0.6ms)
  Rendered /Users/josh/.rbenv/versions/2.2.2/lib/ruby/gems/2.2.0/gems/actionpack-4.2.1/lib/action_dispatch/middleware/templates/rescues/routing_error.text.erb (31.5ms)


Started GET "/assets/bootstrap.css.map" for ::1 at 2016-04-27 10:57:08 -0400


Started GET "/api/tournaments" for 127.0.0.1 at 2016-05-02 21:00:42 +0200

ActiveRecord::PendingMigrationError (

Migrations are pending. To resolve this issue, run:

	bin/rake db:migrate RAILS_ENV=development

):
  activerecord (4.2.1) lib/active_record/migration.rb:393:in `check_pending!'
  activerecord (4.2.1) lib/active_record/migration.rb:374:in `call'
  actionpack (4.2.1) lib/action_dispatch/middleware/callbacks.rb:29:in `block in call'
  activesupport (4.2.1) lib/active_support/callbacks.rb:88:in `call'
  activesupport (4.2.1) lib/active_support/callbacks.rb:88:in `_run_callbacks'
  activesupport (4.2.1) lib/active_support/callbacks.rb:776:in `_run_call_callbacks'
  activesupport (4.2.1) lib/active_support/callbacks.rb:81:in `run_callbacks'
  actionpack (4.2.1) lib/action_dispatch/middleware/callbacks.rb:27:in `call'
  actionpack (4.2.1) lib/action_dispatch/middleware/reloader.rb:73:in `call'
  actionpack (4.2.1) lib/action_dispatch/middleware/remote_ip.rb:78:in `call'
  actionpack (4.2.1) lib/action_dispatch/middleware/debug_exceptions.rb:17:in `call'
  web-console (2.3.0) lib/web_console/middleware.rb:28:in `block in call'
  web-console (2.3.0) lib/web_console/middleware.rb:18:in `catch'
  web-console (2.3.0) lib/web_console/middleware.rb:18:in `call'
  actionpack (4.2.1) lib/action_dispatch/middleware/show_exceptions.rb:30:in `call'
  railties (4.2.1) lib/rails/rack/logger.rb:38:in `call_app'
  railties (4.2.1) lib/rails/rack/logger.rb:20:in `block in call'
  activesupport (4.2.1) lib/active_support/tagged_logging.rb:68:in `block in tagged'
  activesupport (4.2.1) lib/active_support/tagged_logging.rb:26:in `tagged'
  activesupport (4.2.1) lib/active_support/tagged_logging.rb:68:in `tagged'
  railties (4.2.1) lib/rails/rack/logger.rb:20:in `call'
  actionpack (4.2.1) lib/action_dispatch/middleware/request_id.rb:21:in `call'
  rack (1.6.4) lib/rack/methodoverride.rb:22:in `call'
  rack (1.6.4) lib/rack/runtime.rb:18:in `call'
  activesupport (4.2.1) lib/active_support/cache/strategy/local_cache_middleware.rb:28:in `call'
  rack (1.6.4) lib/rack/lock.rb:17:in `call'
  actionpack (4.2.1) lib/action_dispatch/middleware/static.rb:113:in `call'
  rack (1.6.4) lib/rack/sendfile.rb:113:in `call'
  railties (4.2.1) lib/rails/engine.rb:518:in `call'
  railties (4.2.1) lib/rails/application.rb:164:in `call'
  rack (1.6.4) lib/rack/lock.rb:17:in `call'
  rack (1.6.4) lib/rack/content_length.rb:15:in `call'
  rack (1.6.4) lib/rack/handler/webrick.rb:88:in `service'
  /home/mark/.rbenv/versions/2.2.2/lib/ruby/2.2.0/webrick/httpserver.rb:138:in `service'
  /home/mark/.rbenv/versions/2.2.2/lib/ruby/2.2.0/webrick/httpserver.rb:94:in `run'
  /home/mark/.rbenv/versions/2.2.2/lib/ruby/2.2.0/webrick/server.rb:294:in `block in start_thread'


  Rendered /home/mark/.rbenv/versions/2.2.2/lib/ruby/gems/2.2.0/gems/actionpack-4.2.1/lib/action_dispatch/middleware/templates/rescues/_source.erb (4.2ms)
  Rendered /home/mark/.rbenv/versions/2.2.2/lib/ruby/gems/2.2.0/gems/actionpack-4.2.1/lib/action_dispatch/middleware/templates/rescues/_trace.html.erb (4.5ms)
  Rendered /home/mark/.rbenv/versions/2.2.2/lib/ruby/gems/2.2.0/gems/actionpack-4.2.1/lib/action_dispatch/middleware/templates/rescues/_request_and_response.html.erb (1.2ms)
  Rendered /home/mark/.rbenv/versions/2.2.2/lib/ruby/gems/2.2.0/gems/actionpack-4.2.1/lib/action_dispatch/middleware/templates/rescues/diagnostics.html.erb within rescues/layout (30.5ms)
  Rendered /home/mark/.rbenv/versions/2.2.2/lib/ruby/gems/2.2.0/gems/web-console-2.3.0/lib/web_console/templates/_markup.html.erb (0.5ms)
  Rendered /home/mark/.rbenv/versions/2.2.2/lib/ruby/gems/2.2.0/gems/web-console-2.3.0/lib/web_console/templates/_inner_console_markup.html.erb within layouts/inlined_string (0.6ms)
  Rendered /home/mark/.rbenv/versions/2.2.2/lib/ruby/gems/2.2.0/gems/web-console-2.3.0/lib/web_console/templates/_prompt_box_markup.html.erb within layouts/inlined_string (0.4ms)
  Rendered /home/mark/.rbenv/versions/2.2.2/lib/ruby/gems/2.2.0/gems/web-console-2.3.0/lib/web_console/templates/style.css.erb within layouts/inlined_string (0.8ms)
  Rendered /home/mark/.rbenv/versions/2.2.2/lib/ruby/gems/2.2.0/gems/web-console-2.3.0/lib/web_console/templates/console.js.erb within layouts/javascript (42.3ms)
  Rendered /home/mark/.rbenv/versions/2.2.2/lib/ruby/gems/2.2.0/gems/web-console-2.3.0/lib/web_console/templates/main.js.erb within layouts/javascript (0.4ms)
  Rendered /home/mark/.rbenv/versions/2.2.2/lib/ruby/gems/2.2.0/gems/web-console-2.3.0/lib/web_console/templates/error_page.js.erb within layouts/javascript (0.5ms)
  Rendered /home/mark/.rbenv/versions/2.2.2/lib/ruby/gems/2.2.0/gems/web-console-2.3.0/lib/web_console/templates/index.html.erb (67.1ms)
  [1m[36m (139.0ms)[0m  [1mCREATE TABLE "schema_migrations" ("version" varchar NOT NULL) [0m
  [1m[35m (0.1ms)[0m  select sqlite_version(*)
  [1m[36m (90.0ms)[0m  [1mCREATE UNIQUE INDEX "unique_schema_migrations" ON "schema_migrations" ("version")[0m
  [1m[35mActiveRecord::SchemaMigration Load (0.1ms)[0m  SELECT "schema_migrations".* FROM "schema_migrations"
Migrating to CreateTournaments (20160502183114)
  [1m[36m (0.1ms)[0m  [1mbegin transaction[0m
  [1m[35m (0.4ms)[0m  CREATE TABLE "tournaments" ("id" INTEGER PRIMARY KEY AUTOINCREMENT NOT NULL, "name" varchar, "created_at" datetime NOT NULL, "updated_at" datetime NOT NULL) 
  [1m[36mSQL (0.2ms)[0m  [1mINSERT INTO "schema_migrations" ("version") VALUES (?)[0m  [["version", "20160502183114"]]
  [1m[35m (76.7ms)[0m  commit transaction
Migrating to CreatePlayers (20160502183305)
  [1m[36m (0.1ms)[0m  [1mbegin transaction[0m
  [1m[35m (0.4ms)[0m  CREATE TABLE "players" ("id" INTEGER PRIMARY KEY AUTOINCREMENT NOT NULL, "name" varchar, "created_at" datetime NOT NULL, "updated_at" datetime NOT NULL) 
  [1m[36mSQL (0.1ms)[0m  [1mINSERT INTO "schema_migrations" ("version") VALUES (?)[0m  [["version", "20160502183305"]]
  [1m[35m (97.8ms)[0m  commit transaction
Migrating to CreateRegistrations (20160502183944)
  [1m[36m (0.1ms)[0m  [1mbegin transaction[0m
  [1m[35m (0.4ms)[0m  CREATE TABLE "registrations" ("id" INTEGER PRIMARY KEY AUTOINCREMENT NOT NULL, "tournament_id" varchar, "player_id" varchar, "created_at" datetime NOT NULL, "updated_at" datetime NOT NULL) 
  [1m[36mSQL (0.1ms)[0m  [1mINSERT INTO "schema_migrations" ("version") VALUES (?)[0m  [["version", "20160502183944"]]
  [1m[35m (97.8ms)[0m  commit transaction
  [1m[36mActiveRecord::SchemaMigration Load (0.1ms)[0m  [1mSELECT "schema_migrations".* FROM "schema_migrations"[0m
  [1m[36mActiveRecord::SchemaMigration Load (0.1ms)[0m  [1mSELECT "schema_migrations".* FROM "schema_migrations"[0m
  [1m[35m (0.1ms)[0m  begin transaction
  [1m[36mSQL (0.4ms)[0m  [1mINSERT INTO "tournaments" ("name", "created_at", "updated_at") VALUES (?, ?, ?)[0m  [["name", "Barcelona"], ["created_at", "2016-05-02 19:01:38.740181"], ["updated_at", "2016-05-02 19:01:38.740181"]]
  [1m[35m (75.8ms)[0m  commit transaction
  [1m[36m (0.1ms)[0m  [1mbegin transaction[0m
  [1m[35mSQL (0.2ms)[0m  INSERT INTO "tournaments" ("name", "created_at", "updated_at") VALUES (?, ?, ?)  [["name", "Lima"], ["created_at", "2016-05-02 19:01:38.821169"], ["updated_at", "2016-05-02 19:01:38.821169"]]
  [1m[36m (53.5ms)[0m  [1mcommit transaction[0m
  [1m[35m (0.1ms)[0m  begin transaction
  [1m[36mSQL (0.3ms)[0m  [1mINSERT INTO "tournaments" ("name", "created_at", "updated_at") VALUES (?, ?, ?)[0m  [["name", "Arequipa"], ["created_at", "2016-05-02 19:01:38.876996"], ["updated_at", "2016-05-02 19:01:38.876996"]]
  [1m[35m (75.0ms)[0m  commit transaction
  [1m[36m (0.1ms)[0m  [1mbegin transaction[0m
  [1m[35mSQL (0.2ms)[0m  INSERT INTO "tournaments" ("name", "created_at", "updated_at") VALUES (?, ?, ?)  [["name", "Berlin"], ["created_at", "2016-05-02 19:01:38.955264"], ["updated_at", "2016-05-02 19:01:38.955264"]]
  [1m[36m (63.7ms)[0m  [1mcommit transaction[0m
  [1m[35m (0.1ms)[0m  begin transaction
  [1m[36mSQL (0.3ms)[0m  [1mINSERT INTO "players" ("name", "created_at", "updated_at") VALUES (?, ?, ?)[0m  [["name", "Anhony"], ["created_at", "2016-05-02 19:01:39.030651"], ["updated_at", "2016-05-02 19:01:39.030651"]]
  [1m[35m (65.0ms)[0m  commit transaction
  [1m[36m (0.1ms)[0m  [1mbegin transaction[0m
  [1m[35mSQL (0.2ms)[0m  INSERT INTO "players" ("name", "created_at", "updated_at") VALUES (?, ?, ?)  [["name", "Elina"], ["created_at", "2016-05-02 19:01:39.099003"], ["updated_at", "2016-05-02 19:01:39.099003"]]
  [1m[36m (86.8ms)[0m  [1mcommit transaction[0m
  [1m[35m (0.4ms)[0m  begin transaction
  [1m[36mSQL (0.2ms)[0m  [1mINSERT INTO "players" ("name", "created_at", "updated_at") VALUES (?, ?, ?)[0m  [["name", "Tristan"], ["created_at", "2016-05-02 19:01:39.188183"], ["updated_at", "2016-05-02 19:01:39.188183"]]
  [1m[35m (64.4ms)[0m  commit transaction
  [1m[36m (0.1ms)[0m  [1mbegin transaction[0m
  [1m[35mSQL (0.2ms)[0m  INSERT INTO "players" ("name", "created_at", "updated_at") VALUES (?, ?, ?)  [["name", "Mario"], ["created_at", "2016-05-02 19:01:39.254508"], ["updated_at", "2016-05-02 19:01:39.254508"]]
  [1m[36m (86.6ms)[0m  [1mcommit transaction[0m
  [1m[35m (0.1ms)[0m  begin transaction
  [1m[36mSQL (0.2ms)[0m  [1mINSERT INTO "players" ("name", "created_at", "updated_at") VALUES (?, ?, ?)[0m  [["name", "Adria"], ["created_at", "2016-05-02 19:01:39.343384"], ["updated_at", "2016-05-02 19:01:39.343384"]]
  [1m[35m (86.8ms)[0m  commit transaction
  [1m[36m (0.1ms)[0m  [1mbegin transaction[0m
  [1m[35mSQL (0.2ms)[0m  INSERT INTO "players" ("name", "created_at", "updated_at") VALUES (?, ?, ?)  [["name", "Rebecca"], ["created_at", "2016-05-02 19:01:39.432633"], ["updated_at", "2016-05-02 19:01:39.432633"]]
  [1m[36m (86.2ms)[0m  [1mcommit transaction[0m


Started GET "/api/tournaments" for 127.0.0.1 at 2016-05-02 21:02:11 +0200
  [1m[36mActiveRecord::SchemaMigration Load (0.1ms)[0m  [1mSELECT "schema_migrations".* FROM "schema_migrations"[0m

ActionController::RoutingError (uninitialized constant TournamentsController):
  activesupport (4.2.1) lib/active_support/inflector/methods.rb:261:in `const_get'
  activesupport (4.2.1) lib/active_support/inflector/methods.rb:261:in `block in constantize'
  activesupport (4.2.1) lib/active_support/inflector/methods.rb:259:in `each'
  activesupport (4.2.1) lib/active_support/inflector/methods.rb:259:in `inject'
  activesupport (4.2.1) lib/active_support/inflector/methods.rb:259:in `constantize'
  actionpack (4.2.1) lib/action_dispatch/routing/route_set.rb:70:in `controller_reference'
  actionpack (4.2.1) lib/action_dispatch/routing/route_set.rb:60:in `controller'
  actionpack (4.2.1) lib/action_dispatch/routing/route_set.rb:39:in `serve'
  actionpack (4.2.1) lib/action_dispatch/journey/router.rb:43:in `block in serve'
  actionpack (4.2.1) lib/action_dispatch/journey/router.rb:30:in `each'
  actionpack (4.2.1) lib/action_dispatch/journey/router.rb:30:in `serve'
  actionpack (4.2.1) lib/action_dispatch/routing/route_set.rb:819:in `call'
  rack (1.6.4) lib/rack/etag.rb:24:in `call'
  rack (1.6.4) lib/rack/conditionalget.rb:25:in `call'
  rack (1.6.4) lib/rack/head.rb:13:in `call'
  actionpack (4.2.1) lib/action_dispatch/middleware/params_parser.rb:27:in `call'
  actionpack (4.2.1) lib/action_dispatch/middleware/flash.rb:260:in `call'
  rack (1.6.4) lib/rack/session/abstract/id.rb:225:in `context'
  rack (1.6.4) lib/rack/session/abstract/id.rb:220:in `call'
  actionpack (4.2.1) lib/action_dispatch/middleware/cookies.rb:560:in `call'
  activerecord (4.2.1) lib/active_record/query_cache.rb:36:in `call'
  activerecord (4.2.1) lib/active_record/connection_adapters/abstract/connection_pool.rb:649:in `call'
  activerecord (4.2.1) lib/active_record/migration.rb:378:in `call'
  actionpack (4.2.1) lib/action_dispatch/middleware/callbacks.rb:29:in `block in call'
  activesupport (4.2.1) lib/active_support/callbacks.rb:88:in `call'
  activesupport (4.2.1) lib/active_support/callbacks.rb:88:in `_run_callbacks'
  activesupport (4.2.1) lib/active_support/callbacks.rb:776:in `_run_call_callbacks'
  activesupport (4.2.1) lib/active_support/callbacks.rb:81:in `run_callbacks'
  actionpack (4.2.1) lib/action_dispatch/middleware/callbacks.rb:27:in `call'
  actionpack (4.2.1) lib/action_dispatch/middleware/reloader.rb:73:in `call'
  actionpack (4.2.1) lib/action_dispatch/middleware/remote_ip.rb:78:in `call'
  actionpack (4.2.1) lib/action_dispatch/middleware/debug_exceptions.rb:17:in `call'
  web-console (2.3.0) lib/web_console/middleware.rb:28:in `block in call'
  web-console (2.3.0) lib/web_console/middleware.rb:18:in `catch'
  web-console (2.3.0) lib/web_console/middleware.rb:18:in `call'
  actionpack (4.2.1) lib/action_dispatch/middleware/show_exceptions.rb:30:in `call'
  railties (4.2.1) lib/rails/rack/logger.rb:38:in `call_app'
  railties (4.2.1) lib/rails/rack/logger.rb:20:in `block in call'
  activesupport (4.2.1) lib/active_support/tagged_logging.rb:68:in `block in tagged'
  activesupport (4.2.1) lib/active_support/tagged_logging.rb:26:in `tagged'
  activesupport (4.2.1) lib/active_support/tagged_logging.rb:68:in `tagged'
  railties (4.2.1) lib/rails/rack/logger.rb:20:in `call'
  actionpack (4.2.1) lib/action_dispatch/middleware/request_id.rb:21:in `call'
  rack (1.6.4) lib/rack/methodoverride.rb:22:in `call'
  rack (1.6.4) lib/rack/runtime.rb:18:in `call'
  activesupport (4.2.1) lib/active_support/cache/strategy/local_cache_middleware.rb:28:in `call'
  rack (1.6.4) lib/rack/lock.rb:17:in `call'
  actionpack (4.2.1) lib/action_dispatch/middleware/static.rb:113:in `call'
  rack (1.6.4) lib/rack/sendfile.rb:113:in `call'
  railties (4.2.1) lib/rails/engine.rb:518:in `call'
  railties (4.2.1) lib/rails/application.rb:164:in `call'
  rack (1.6.4) lib/rack/lock.rb:17:in `call'
  rack (1.6.4) lib/rack/content_length.rb:15:in `call'
  rack (1.6.4) lib/rack/handler/webrick.rb:88:in `service'
  /home/mark/.rbenv/versions/2.2.2/lib/ruby/2.2.0/webrick/httpserver.rb:138:in `service'
  /home/mark/.rbenv/versions/2.2.2/lib/ruby/2.2.0/webrick/httpserver.rb:94:in `run'
  /home/mark/.rbenv/versions/2.2.2/lib/ruby/2.2.0/webrick/server.rb:294:in `block in start_thread'


  Rendered /home/mark/.rbenv/versions/2.2.2/lib/ruby/gems/2.2.0/gems/actionpack-4.2.1/lib/action_dispatch/middleware/templates/rescues/_trace.html.erb (2.1ms)
  Rendered /home/mark/.rbenv/versions/2.2.2/lib/ruby/gems/2.2.0/gems/actionpack-4.2.1/lib/action_dispatch/middleware/templates/routes/_route.html.erb (0.8ms)
  Rendered /home/mark/.rbenv/versions/2.2.2/lib/ruby/gems/2.2.0/gems/actionpack-4.2.1/lib/action_dispatch/middleware/templates/routes/_table.html.erb (7.1ms)
  Rendered /home/mark/.rbenv/versions/2.2.2/lib/ruby/gems/2.2.0/gems/actionpack-4.2.1/lib/action_dispatch/middleware/templates/rescues/_request_and_response.html.erb (12.5ms)
  Rendered /home/mark/.rbenv/versions/2.2.2/lib/ruby/gems/2.2.0/gems/actionpack-4.2.1/lib/action_dispatch/middleware/templates/rescues/routing_error.html.erb within rescues/layout (49.3ms)
  Rendered /home/mark/.rbenv/versions/2.2.2/lib/ruby/gems/2.2.0/gems/web-console-2.3.0/lib/web_console/templates/_markup.html.erb (0.4ms)
  Rendered /home/mark/.rbenv/versions/2.2.2/lib/ruby/gems/2.2.0/gems/web-console-2.3.0/lib/web_console/templates/_inner_console_markup.html.erb within layouts/inlined_string (0.4ms)
  Rendered /home/mark/.rbenv/versions/2.2.2/lib/ruby/gems/2.2.0/gems/web-console-2.3.0/lib/web_console/templates/_prompt_box_markup.html.erb within layouts/inlined_string (0.4ms)
  Rendered /home/mark/.rbenv/versions/2.2.2/lib/ruby/gems/2.2.0/gems/web-console-2.3.0/lib/web_console/templates/style.css.erb within layouts/inlined_string (0.4ms)
  Rendered /home/mark/.rbenv/versions/2.2.2/lib/ruby/gems/2.2.0/gems/web-console-2.3.0/lib/web_console/templates/console.js.erb within layouts/javascript (26.0ms)
  Rendered /home/mark/.rbenv/versions/2.2.2/lib/ruby/gems/2.2.0/gems/web-console-2.3.0/lib/web_console/templates/main.js.erb within layouts/javascript (0.3ms)
  Rendered /home/mark/.rbenv/versions/2.2.2/lib/ruby/gems/2.2.0/gems/web-console-2.3.0/lib/web_console/templates/error_page.js.erb within layouts/javascript (0.5ms)
  Rendered /home/mark/.rbenv/versions/2.2.2/lib/ruby/gems/2.2.0/gems/web-console-2.3.0/lib/web_console/templates/index.html.erb (46.8ms)


Started GET "/api/tournaments" for 127.0.0.1 at 2016-05-02 21:03:04 +0200
  [1m[36mActiveRecord::SchemaMigration Load (0.1ms)[0m  [1mSELECT "schema_migrations".* FROM "schema_migrations"[0m

ActionController::RoutingError (uninitialized constant TournamentsController):
  activesupport (4.2.1) lib/active_support/inflector/methods.rb:261:in `const_get'
  activesupport (4.2.1) lib/active_support/inflector/methods.rb:261:in `block in constantize'
  activesupport (4.2.1) lib/active_support/inflector/methods.rb:259:in `each'
  activesupport (4.2.1) lib/active_support/inflector/methods.rb:259:in `inject'
  activesupport (4.2.1) lib/active_support/inflector/methods.rb:259:in `constantize'
  actionpack (4.2.1) lib/action_dispatch/routing/route_set.rb:70:in `controller_reference'
  actionpack (4.2.1) lib/action_dispatch/routing/route_set.rb:60:in `controller'
  actionpack (4.2.1) lib/action_dispatch/routing/route_set.rb:39:in `serve'
  actionpack (4.2.1) lib/action_dispatch/journey/router.rb:43:in `block in serve'
  actionpack (4.2.1) lib/action_dispatch/journey/router.rb:30:in `each'
  actionpack (4.2.1) lib/action_dispatch/journey/router.rb:30:in `serve'
  actionpack (4.2.1) lib/action_dispatch/routing/route_set.rb:819:in `call'
  rack (1.6.4) lib/rack/etag.rb:24:in `call'
  rack (1.6.4) lib/rack/conditionalget.rb:25:in `call'
  rack (1.6.4) lib/rack/head.rb:13:in `call'
  actionpack (4.2.1) lib/action_dispatch/middleware/params_parser.rb:27:in `call'
  actionpack (4.2.1) lib/action_dispatch/middleware/flash.rb:260:in `call'
  rack (1.6.4) lib/rack/session/abstract/id.rb:225:in `context'
  rack (1.6.4) lib/rack/session/abstract/id.rb:220:in `call'
  actionpack (4.2.1) lib/action_dispatch/middleware/cookies.rb:560:in `call'
  activerecord (4.2.1) lib/active_record/query_cache.rb:36:in `call'
  activerecord (4.2.1) lib/active_record/connection_adapters/abstract/connection_pool.rb:649:in `call'
  activerecord (4.2.1) lib/active_record/migration.rb:378:in `call'
  actionpack (4.2.1) lib/action_dispatch/middleware/callbacks.rb:29:in `block in call'
  activesupport (4.2.1) lib/active_support/callbacks.rb:88:in `call'
  activesupport (4.2.1) lib/active_support/callbacks.rb:88:in `_run_callbacks'
  activesupport (4.2.1) lib/active_support/callbacks.rb:776:in `_run_call_callbacks'
  activesupport (4.2.1) lib/active_support/callbacks.rb:81:in `run_callbacks'
  actionpack (4.2.1) lib/action_dispatch/middleware/callbacks.rb:27:in `call'
  actionpack (4.2.1) lib/action_dispatch/middleware/reloader.rb:73:in `call'
  actionpack (4.2.1) lib/action_dispatch/middleware/remote_ip.rb:78:in `call'
  actionpack (4.2.1) lib/action_dispatch/middleware/debug_exceptions.rb:17:in `call'
  web-console (2.3.0) lib/web_console/middleware.rb:28:in `block in call'
  web-console (2.3.0) lib/web_console/middleware.rb:18:in `catch'
  web-console (2.3.0) lib/web_console/middleware.rb:18:in `call'
  actionpack (4.2.1) lib/action_dispatch/middleware/show_exceptions.rb:30:in `call'
  railties (4.2.1) lib/rails/rack/logger.rb:38:in `call_app'
  railties (4.2.1) lib/rails/rack/logger.rb:20:in `block in call'
  activesupport (4.2.1) lib/active_support/tagged_logging.rb:68:in `block in tagged'
  activesupport (4.2.1) lib/active_support/tagged_logging.rb:26:in `tagged'
  activesupport (4.2.1) lib/active_support/tagged_logging.rb:68:in `tagged'
  railties (4.2.1) lib/rails/rack/logger.rb:20:in `call'
  actionpack (4.2.1) lib/action_dispatch/middleware/request_id.rb:21:in `call'
  rack (1.6.4) lib/rack/methodoverride.rb:22:in `call'
  rack (1.6.4) lib/rack/runtime.rb:18:in `call'
  activesupport (4.2.1) lib/active_support/cache/strategy/local_cache_middleware.rb:28:in `call'
  rack (1.6.4) lib/rack/lock.rb:17:in `call'
  actionpack (4.2.1) lib/action_dispatch/middleware/static.rb:113:in `call'
  rack (1.6.4) lib/rack/sendfile.rb:113:in `call'
  railties (4.2.1) lib/rails/engine.rb:518:in `call'
  railties (4.2.1) lib/rails/application.rb:164:in `call'
  rack (1.6.4) lib/rack/lock.rb:17:in `call'
  rack (1.6.4) lib/rack/content_length.rb:15:in `call'
  rack (1.6.4) lib/rack/handler/webrick.rb:88:in `service'
  /home/mark/.rbenv/versions/2.2.2/lib/ruby/2.2.0/webrick/httpserver.rb:138:in `service'
  /home/mark/.rbenv/versions/2.2.2/lib/ruby/2.2.0/webrick/httpserver.rb:94:in `run'
  /home/mark/.rbenv/versions/2.2.2/lib/ruby/2.2.0/webrick/server.rb:294:in `block in start_thread'


  Rendered /home/mark/.rbenv/versions/2.2.2/lib/ruby/gems/2.2.0/gems/actionpack-4.2.1/lib/action_dispatch/middleware/templates/rescues/_trace.html.erb (2.1ms)
  Rendered /home/mark/.rbenv/versions/2.2.2/lib/ruby/gems/2.2.0/gems/actionpack-4.2.1/lib/action_dispatch/middleware/templates/routes/_route.html.erb (0.8ms)
  Rendered /home/mark/.rbenv/versions/2.2.2/lib/ruby/gems/2.2.0/gems/actionpack-4.2.1/lib/action_dispatch/middleware/templates/routes/_table.html.erb (7.1ms)
  Rendered /home/mark/.rbenv/versions/2.2.2/lib/ruby/gems/2.2.0/gems/actionpack-4.2.1/lib/action_dispatch/middleware/templates/rescues/_request_and_response.html.erb (12.9ms)
  Rendered /home/mark/.rbenv/versions/2.2.2/lib/ruby/gems/2.2.0/gems/actionpack-4.2.1/lib/action_dispatch/middleware/templates/rescues/routing_error.html.erb within rescues/layout (50.5ms)
  Rendered /home/mark/.rbenv/versions/2.2.2/lib/ruby/gems/2.2.0/gems/web-console-2.3.0/lib/web_console/templates/_markup.html.erb (0.4ms)
  Rendered /home/mark/.rbenv/versions/2.2.2/lib/ruby/gems/2.2.0/gems/web-console-2.3.0/lib/web_console/templates/_inner_console_markup.html.erb within layouts/inlined_string (0.4ms)
  Rendered /home/mark/.rbenv/versions/2.2.2/lib/ruby/gems/2.2.0/gems/web-console-2.3.0/lib/web_console/templates/_prompt_box_markup.html.erb within layouts/inlined_string (0.3ms)
  Rendered /home/mark/.rbenv/versions/2.2.2/lib/ruby/gems/2.2.0/gems/web-console-2.3.0/lib/web_console/templates/style.css.erb within layouts/inlined_string (0.4ms)
  Rendered /home/mark/.rbenv/versions/2.2.2/lib/ruby/gems/2.2.0/gems/web-console-2.3.0/lib/web_console/templates/console.js.erb within layouts/javascript (26.5ms)
  Rendered /home/mark/.rbenv/versions/2.2.2/lib/ruby/gems/2.2.0/gems/web-console-2.3.0/lib/web_console/templates/main.js.erb within layouts/javascript (0.4ms)
  Rendered /home/mark/.rbenv/versions/2.2.2/lib/ruby/gems/2.2.0/gems/web-console-2.3.0/lib/web_console/templates/error_page.js.erb within layouts/javascript (0.6ms)
  Rendered /home/mark/.rbenv/versions/2.2.2/lib/ruby/gems/2.2.0/gems/web-console-2.3.0/lib/web_console/templates/index.html.erb (47.2ms)


Started GET "/api/tournaments" for 127.0.0.1 at 2016-05-02 21:03:06 +0200

ActionController::RoutingError (uninitialized constant TournamentsController):
  activesupport (4.2.1) lib/active_support/inflector/methods.rb:261:in `const_get'
  activesupport (4.2.1) lib/active_support/inflector/methods.rb:261:in `block in constantize'
  activesupport (4.2.1) lib/active_support/inflector/methods.rb:259:in `each'
  activesupport (4.2.1) lib/active_support/inflector/methods.rb:259:in `inject'
  activesupport (4.2.1) lib/active_support/inflector/methods.rb:259:in `constantize'
  actionpack (4.2.1) lib/action_dispatch/routing/route_set.rb:70:in `controller_reference'
  actionpack (4.2.1) lib/action_dispatch/routing/route_set.rb:60:in `controller'
  actionpack (4.2.1) lib/action_dispatch/routing/route_set.rb:39:in `serve'
  actionpack (4.2.1) lib/action_dispatch/journey/router.rb:43:in `block in serve'
  actionpack (4.2.1) lib/action_dispatch/journey/router.rb:30:in `each'
  actionpack (4.2.1) lib/action_dispatch/journey/router.rb:30:in `serve'
  actionpack (4.2.1) lib/action_dispatch/routing/route_set.rb:819:in `call'
  rack (1.6.4) lib/rack/etag.rb:24:in `call'
  rack (1.6.4) lib/rack/conditionalget.rb:25:in `call'
  rack (1.6.4) lib/rack/head.rb:13:in `call'
  actionpack (4.2.1) lib/action_dispatch/middleware/params_parser.rb:27:in `call'
  actionpack (4.2.1) lib/action_dispatch/middleware/flash.rb:260:in `call'
  rack (1.6.4) lib/rack/session/abstract/id.rb:225:in `context'
  rack (1.6.4) lib/rack/session/abstract/id.rb:220:in `call'
  actionpack (4.2.1) lib/action_dispatch/middleware/cookies.rb:560:in `call'
  activerecord (4.2.1) lib/active_record/query_cache.rb:36:in `call'
  activerecord (4.2.1) lib/active_record/connection_adapters/abstract/connection_pool.rb:649:in `call'
  activerecord (4.2.1) lib/active_record/migration.rb:378:in `call'
  actionpack (4.2.1) lib/action_dispatch/middleware/callbacks.rb:29:in `block in call'
  activesupport (4.2.1) lib/active_support/callbacks.rb:88:in `call'
  activesupport (4.2.1) lib/active_support/callbacks.rb:88:in `_run_callbacks'
  activesupport (4.2.1) lib/active_support/callbacks.rb:776:in `_run_call_callbacks'
  activesupport (4.2.1) lib/active_support/callbacks.rb:81:in `run_callbacks'
  actionpack (4.2.1) lib/action_dispatch/middleware/callbacks.rb:27:in `call'
  actionpack (4.2.1) lib/action_dispatch/middleware/reloader.rb:73:in `call'
  actionpack (4.2.1) lib/action_dispatch/middleware/remote_ip.rb:78:in `call'
  actionpack (4.2.1) lib/action_dispatch/middleware/debug_exceptions.rb:17:in `call'
  web-console (2.3.0) lib/web_console/middleware.rb:28:in `block in call'
  web-console (2.3.0) lib/web_console/middleware.rb:18:in `catch'
  web-console (2.3.0) lib/web_console/middleware.rb:18:in `call'
  actionpack (4.2.1) lib/action_dispatch/middleware/show_exceptions.rb:30:in `call'
  railties (4.2.1) lib/rails/rack/logger.rb:38:in `call_app'
  railties (4.2.1) lib/rails/rack/logger.rb:20:in `block in call'
  activesupport (4.2.1) lib/active_support/tagged_logging.rb:68:in `block in tagged'
  activesupport (4.2.1) lib/active_support/tagged_logging.rb:26:in `tagged'
  activesupport (4.2.1) lib/active_support/tagged_logging.rb:68:in `tagged'
  railties (4.2.1) lib/rails/rack/logger.rb:20:in `call'
  actionpack (4.2.1) lib/action_dispatch/middleware/request_id.rb:21:in `call'
  rack (1.6.4) lib/rack/methodoverride.rb:22:in `call'
  rack (1.6.4) lib/rack/runtime.rb:18:in `call'
  activesupport (4.2.1) lib/active_support/cache/strategy/local_cache_middleware.rb:28:in `call'
  rack (1.6.4) lib/rack/lock.rb:17:in `call'
  actionpack (4.2.1) lib/action_dispatch/middleware/static.rb:113:in `call'
  rack (1.6.4) lib/rack/sendfile.rb:113:in `call'
  railties (4.2.1) lib/rails/engine.rb:518:in `call'
  railties (4.2.1) lib/rails/application.rb:164:in `call'
  rack (1.6.4) lib/rack/lock.rb:17:in `call'
  rack (1.6.4) lib/rack/content_length.rb:15:in `call'
  rack (1.6.4) lib/rack/handler/webrick.rb:88:in `service'
  /home/mark/.rbenv/versions/2.2.2/lib/ruby/2.2.0/webrick/httpserver.rb:138:in `service'
  /home/mark/.rbenv/versions/2.2.2/lib/ruby/2.2.0/webrick/httpserver.rb:94:in `run'
  /home/mark/.rbenv/versions/2.2.2/lib/ruby/2.2.0/webrick/server.rb:294:in `block in start_thread'


  Rendered /home/mark/.rbenv/versions/2.2.2/lib/ruby/gems/2.2.0/gems/actionpack-4.2.1/lib/action_dispatch/middleware/templates/rescues/_trace.html.erb (2.0ms)
  Rendered /home/mark/.rbenv/versions/2.2.2/lib/ruby/gems/2.2.0/gems/actionpack-4.2.1/lib/action_dispatch/middleware/templates/routes/_route.html.erb (0.7ms)
  Rendered /home/mark/.rbenv/versions/2.2.2/lib/ruby/gems/2.2.0/gems/actionpack-4.2.1/lib/action_dispatch/middleware/templates/routes/_table.html.erb (1.6ms)
  Rendered /home/mark/.rbenv/versions/2.2.2/lib/ruby/gems/2.2.0/gems/actionpack-4.2.1/lib/action_dispatch/middleware/templates/rescues/_request_and_response.html.erb (1.4ms)
  Rendered /home/mark/.rbenv/versions/2.2.2/lib/ruby/gems/2.2.0/gems/actionpack-4.2.1/lib/action_dispatch/middleware/templates/rescues/routing_error.html.erb within rescues/layout (28.6ms)
  Rendered /home/mark/.rbenv/versions/2.2.2/lib/ruby/gems/2.2.0/gems/web-console-2.3.0/lib/web_console/templates/_markup.html.erb (0.6ms)
  Rendered /home/mark/.rbenv/versions/2.2.2/lib/ruby/gems/2.2.0/gems/web-console-2.3.0/lib/web_console/templates/_inner_console_markup.html.erb within layouts/inlined_string (0.4ms)
  Rendered /home/mark/.rbenv/versions/2.2.2/lib/ruby/gems/2.2.0/gems/web-console-2.3.0/lib/web_console/templates/_prompt_box_markup.html.erb within layouts/inlined_string (0.4ms)
  Rendered /home/mark/.rbenv/versions/2.2.2/lib/ruby/gems/2.2.0/gems/web-console-2.3.0/lib/web_console/templates/style.css.erb within layouts/inlined_string (0.4ms)
  Rendered /home/mark/.rbenv/versions/2.2.2/lib/ruby/gems/2.2.0/gems/web-console-2.3.0/lib/web_console/templates/console.js.erb within layouts/javascript (23.7ms)
  Rendered /home/mark/.rbenv/versions/2.2.2/lib/ruby/gems/2.2.0/gems/web-console-2.3.0/lib/web_console/templates/main.js.erb within layouts/javascript (0.4ms)
  Rendered /home/mark/.rbenv/versions/2.2.2/lib/ruby/gems/2.2.0/gems/web-console-2.3.0/lib/web_console/templates/error_page.js.erb within layouts/javascript (0.4ms)
  Rendered /home/mark/.rbenv/versions/2.2.2/lib/ruby/gems/2.2.0/gems/web-console-2.3.0/lib/web_console/templates/index.html.erb (45.9ms)


Started GET "/api/tournaments" for 127.0.0.1 at 2016-05-02 21:06:06 +0200
  [1m[36mActiveRecord::SchemaMigration Load (0.1ms)[0m  [1mSELECT "schema_migrations".* FROM "schema_migrations"[0m

ActionController::RoutingError (No route matches [GET] "/api/tournaments"):
  actionpack (4.2.1) lib/action_dispatch/middleware/debug_exceptions.rb:21:in `call'
  web-console (2.3.0) lib/web_console/middleware.rb:28:in `block in call'
  web-console (2.3.0) lib/web_console/middleware.rb:18:in `catch'
  web-console (2.3.0) lib/web_console/middleware.rb:18:in `call'
  actionpack (4.2.1) lib/action_dispatch/middleware/show_exceptions.rb:30:in `call'
  railties (4.2.1) lib/rails/rack/logger.rb:38:in `call_app'
  railties (4.2.1) lib/rails/rack/logger.rb:20:in `block in call'
  activesupport (4.2.1) lib/active_support/tagged_logging.rb:68:in `block in tagged'
  activesupport (4.2.1) lib/active_support/tagged_logging.rb:26:in `tagged'
  activesupport (4.2.1) lib/active_support/tagged_logging.rb:68:in `tagged'
  railties (4.2.1) lib/rails/rack/logger.rb:20:in `call'
  actionpack (4.2.1) lib/action_dispatch/middleware/request_id.rb:21:in `call'
  rack (1.6.4) lib/rack/methodoverride.rb:22:in `call'
  rack (1.6.4) lib/rack/runtime.rb:18:in `call'
  activesupport (4.2.1) lib/active_support/cache/strategy/local_cache_middleware.rb:28:in `call'
  rack (1.6.4) lib/rack/lock.rb:17:in `call'
  actionpack (4.2.1) lib/action_dispatch/middleware/static.rb:113:in `call'
  rack (1.6.4) lib/rack/sendfile.rb:113:in `call'
  railties (4.2.1) lib/rails/engine.rb:518:in `call'
  railties (4.2.1) lib/rails/application.rb:164:in `call'
  rack (1.6.4) lib/rack/lock.rb:17:in `call'
  rack (1.6.4) lib/rack/content_length.rb:15:in `call'
  rack (1.6.4) lib/rack/handler/webrick.rb:88:in `service'
  /home/mark/.rbenv/versions/2.2.2/lib/ruby/2.2.0/webrick/httpserver.rb:138:in `service'
  /home/mark/.rbenv/versions/2.2.2/lib/ruby/2.2.0/webrick/httpserver.rb:94:in `run'
  /home/mark/.rbenv/versions/2.2.2/lib/ruby/2.2.0/webrick/server.rb:294:in `block in start_thread'


  Rendered /home/mark/.rbenv/versions/2.2.2/lib/ruby/gems/2.2.0/gems/actionpack-4.2.1/lib/action_dispatch/middleware/templates/rescues/_trace.html.erb (3.4ms)
  Rendered /home/mark/.rbenv/versions/2.2.2/lib/ruby/gems/2.2.0/gems/actionpack-4.2.1/lib/action_dispatch/middleware/templates/routes/_route.html.erb (1.1ms)
  Rendered /home/mark/.rbenv/versions/2.2.2/lib/ruby/gems/2.2.0/gems/actionpack-4.2.1/lib/action_dispatch/middleware/templates/routes/_table.html.erb (10.2ms)
  Rendered /home/mark/.rbenv/versions/2.2.2/lib/ruby/gems/2.2.0/gems/actionpack-4.2.1/lib/action_dispatch/middleware/templates/rescues/_request_and_response.html.erb (13.9ms)
  Rendered /home/mark/.rbenv/versions/2.2.2/lib/ruby/gems/2.2.0/gems/actionpack-4.2.1/lib/action_dispatch/middleware/templates/rescues/routing_error.html.erb within rescues/layout (57.1ms)
  Rendered /home/mark/.rbenv/versions/2.2.2/lib/ruby/gems/2.2.0/gems/web-console-2.3.0/lib/web_console/templates/_markup.html.erb (0.5ms)
  Rendered /home/mark/.rbenv/versions/2.2.2/lib/ruby/gems/2.2.0/gems/web-console-2.3.0/lib/web_console/templates/_inner_console_markup.html.erb within layouts/inlined_string (0.4ms)
  Rendered /home/mark/.rbenv/versions/2.2.2/lib/ruby/gems/2.2.0/gems/web-console-2.3.0/lib/web_console/templates/_prompt_box_markup.html.erb within layouts/inlined_string (0.6ms)
  Rendered /home/mark/.rbenv/versions/2.2.2/lib/ruby/gems/2.2.0/gems/web-console-2.3.0/lib/web_console/templates/style.css.erb within layouts/inlined_string (1.0ms)
  Rendered /home/mark/.rbenv/versions/2.2.2/lib/ruby/gems/2.2.0/gems/web-console-2.3.0/lib/web_console/templates/console.js.erb within layouts/javascript (40.8ms)
  Rendered /home/mark/.rbenv/versions/2.2.2/lib/ruby/gems/2.2.0/gems/web-console-2.3.0/lib/web_console/templates/main.js.erb within layouts/javascript (0.4ms)
  Rendered /home/mark/.rbenv/versions/2.2.2/lib/ruby/gems/2.2.0/gems/web-console-2.3.0/lib/web_console/templates/error_page.js.erb within layouts/javascript (0.7ms)
  Rendered /home/mark/.rbenv/versions/2.2.2/lib/ruby/gems/2.2.0/gems/web-console-2.3.0/lib/web_console/templates/index.html.erb (62.6ms)


Started GET "/api/tournaments" for 127.0.0.1 at 2016-05-02 21:06:57 +0200
  [1m[36mActiveRecord::SchemaMigration Load (0.1ms)[0m  [1mSELECT "schema_migrations".* FROM "schema_migrations"[0m

ActionController::RoutingError (uninitialized constant Api):
  activesupport (4.2.1) lib/active_support/inflector/methods.rb:261:in `const_get'
  activesupport (4.2.1) lib/active_support/inflector/methods.rb:261:in `block in constantize'
  activesupport (4.2.1) lib/active_support/inflector/methods.rb:259:in `each'
  activesupport (4.2.1) lib/active_support/inflector/methods.rb:259:in `inject'
  activesupport (4.2.1) lib/active_support/inflector/methods.rb:259:in `constantize'
  actionpack (4.2.1) lib/action_dispatch/routing/route_set.rb:70:in `controller_reference'
  actionpack (4.2.1) lib/action_dispatch/routing/route_set.rb:60:in `controller'
  actionpack (4.2.1) lib/action_dispatch/routing/route_set.rb:39:in `serve'
  actionpack (4.2.1) lib/action_dispatch/journey/router.rb:43:in `block in serve'
  actionpack (4.2.1) lib/action_dispatch/journey/router.rb:30:in `each'
  actionpack (4.2.1) lib/action_dispatch/journey/router.rb:30:in `serve'
  actionpack (4.2.1) lib/action_dispatch/routing/route_set.rb:819:in `call'
  rack (1.6.4) lib/rack/etag.rb:24:in `call'
  rack (1.6.4) lib/rack/conditionalget.rb:25:in `call'
  rack (1.6.4) lib/rack/head.rb:13:in `call'
  actionpack (4.2.1) lib/action_dispatch/middleware/params_parser.rb:27:in `call'
  actionpack (4.2.1) lib/action_dispatch/middleware/flash.rb:260:in `call'
  rack (1.6.4) lib/rack/session/abstract/id.rb:225:in `context'
  rack (1.6.4) lib/rack/session/abstract/id.rb:220:in `call'
  actionpack (4.2.1) lib/action_dispatch/middleware/cookies.rb:560:in `call'
  activerecord (4.2.1) lib/active_record/query_cache.rb:36:in `call'
  activerecord (4.2.1) lib/active_record/connection_adapters/abstract/connection_pool.rb:649:in `call'
  activerecord (4.2.1) lib/active_record/migration.rb:378:in `call'
  actionpack (4.2.1) lib/action_dispatch/middleware/callbacks.rb:29:in `block in call'
  activesupport (4.2.1) lib/active_support/callbacks.rb:88:in `call'
  activesupport (4.2.1) lib/active_support/callbacks.rb:88:in `_run_callbacks'
  activesupport (4.2.1) lib/active_support/callbacks.rb:776:in `_run_call_callbacks'
  activesupport (4.2.1) lib/active_support/callbacks.rb:81:in `run_callbacks'
  actionpack (4.2.1) lib/action_dispatch/middleware/callbacks.rb:27:in `call'
  actionpack (4.2.1) lib/action_dispatch/middleware/reloader.rb:73:in `call'
  actionpack (4.2.1) lib/action_dispatch/middleware/remote_ip.rb:78:in `call'
  actionpack (4.2.1) lib/action_dispatch/middleware/debug_exceptions.rb:17:in `call'
  web-console (2.3.0) lib/web_console/middleware.rb:28:in `block in call'
  web-console (2.3.0) lib/web_console/middleware.rb:18:in `catch'
  web-console (2.3.0) lib/web_console/middleware.rb:18:in `call'
  actionpack (4.2.1) lib/action_dispatch/middleware/show_exceptions.rb:30:in `call'
  railties (4.2.1) lib/rails/rack/logger.rb:38:in `call_app'
  railties (4.2.1) lib/rails/rack/logger.rb:20:in `block in call'
  activesupport (4.2.1) lib/active_support/tagged_logging.rb:68:in `block in tagged'
  activesupport (4.2.1) lib/active_support/tagged_logging.rb:26:in `tagged'
  activesupport (4.2.1) lib/active_support/tagged_logging.rb:68:in `tagged'
  railties (4.2.1) lib/rails/rack/logger.rb:20:in `call'
  actionpack (4.2.1) lib/action_dispatch/middleware/request_id.rb:21:in `call'
  rack (1.6.4) lib/rack/methodoverride.rb:22:in `call'
  rack (1.6.4) lib/rack/runtime.rb:18:in `call'
  activesupport (4.2.1) lib/active_support/cache/strategy/local_cache_middleware.rb:28:in `call'
  rack (1.6.4) lib/rack/lock.rb:17:in `call'
  actionpack (4.2.1) lib/action_dispatch/middleware/static.rb:113:in `call'
  rack (1.6.4) lib/rack/sendfile.rb:113:in `call'
  railties (4.2.1) lib/rails/engine.rb:518:in `call'
  railties (4.2.1) lib/rails/application.rb:164:in `call'
  rack (1.6.4) lib/rack/lock.rb:17:in `call'
  rack (1.6.4) lib/rack/content_length.rb:15:in `call'
  rack (1.6.4) lib/rack/handler/webrick.rb:88:in `service'
  /home/mark/.rbenv/versions/2.2.2/lib/ruby/2.2.0/webrick/httpserver.rb:138:in `service'
  /home/mark/.rbenv/versions/2.2.2/lib/ruby/2.2.0/webrick/httpserver.rb:94:in `run'
  /home/mark/.rbenv/versions/2.2.2/lib/ruby/2.2.0/webrick/server.rb:294:in `block in start_thread'


  Rendered /home/mark/.rbenv/versions/2.2.2/lib/ruby/gems/2.2.0/gems/actionpack-4.2.1/lib/action_dispatch/middleware/templates/rescues/_trace.html.erb (2.0ms)
  Rendered /home/mark/.rbenv/versions/2.2.2/lib/ruby/gems/2.2.0/gems/actionpack-4.2.1/lib/action_dispatch/middleware/templates/routes/_route.html.erb (0.8ms)
  Rendered /home/mark/.rbenv/versions/2.2.2/lib/ruby/gems/2.2.0/gems/actionpack-4.2.1/lib/action_dispatch/middleware/templates/routes/_table.html.erb (8.2ms)
  Rendered /home/mark/.rbenv/versions/2.2.2/lib/ruby/gems/2.2.0/gems/actionpack-4.2.1/lib/action_dispatch/middleware/templates/rescues/_request_and_response.html.erb (12.3ms)
  Rendered /home/mark/.rbenv/versions/2.2.2/lib/ruby/gems/2.2.0/gems/actionpack-4.2.1/lib/action_dispatch/middleware/templates/rescues/routing_error.html.erb within rescues/layout (47.9ms)
  Rendered /home/mark/.rbenv/versions/2.2.2/lib/ruby/gems/2.2.0/gems/web-console-2.3.0/lib/web_console/templates/_markup.html.erb (0.5ms)
  Rendered /home/mark/.rbenv/versions/2.2.2/lib/ruby/gems/2.2.0/gems/web-console-2.3.0/lib/web_console/templates/_inner_console_markup.html.erb within layouts/inlined_string (0.6ms)
  Rendered /home/mark/.rbenv/versions/2.2.2/lib/ruby/gems/2.2.0/gems/web-console-2.3.0/lib/web_console/templates/_prompt_box_markup.html.erb within layouts/inlined_string (0.3ms)
  Rendered /home/mark/.rbenv/versions/2.2.2/lib/ruby/gems/2.2.0/gems/web-console-2.3.0/lib/web_console/templates/style.css.erb within layouts/inlined_string (0.4ms)
  Rendered /home/mark/.rbenv/versions/2.2.2/lib/ruby/gems/2.2.0/gems/web-console-2.3.0/lib/web_console/templates/console.js.erb within layouts/javascript (26.1ms)
  Rendered /home/mark/.rbenv/versions/2.2.2/lib/ruby/gems/2.2.0/gems/web-console-2.3.0/lib/web_console/templates/main.js.erb within layouts/javascript (0.3ms)
  Rendered /home/mark/.rbenv/versions/2.2.2/lib/ruby/gems/2.2.0/gems/web-console-2.3.0/lib/web_console/templates/error_page.js.erb within layouts/javascript (0.5ms)
  Rendered /home/mark/.rbenv/versions/2.2.2/lib/ruby/gems/2.2.0/gems/web-console-2.3.0/lib/web_console/templates/index.html.erb (47.5ms)


Started GET "/api/tournaments" for 127.0.0.1 at 2016-05-02 21:07:00 +0200

ActionController::RoutingError (uninitialized constant Api):
  activesupport (4.2.1) lib/active_support/inflector/methods.rb:261:in `const_get'
  activesupport (4.2.1) lib/active_support/inflector/methods.rb:261:in `block in constantize'
  activesupport (4.2.1) lib/active_support/inflector/methods.rb:259:in `each'
  activesupport (4.2.1) lib/active_support/inflector/methods.rb:259:in `inject'
  activesupport (4.2.1) lib/active_support/inflector/methods.rb:259:in `constantize'
  actionpack (4.2.1) lib/action_dispatch/routing/route_set.rb:70:in `controller_reference'
  actionpack (4.2.1) lib/action_dispatch/routing/route_set.rb:60:in `controller'
  actionpack (4.2.1) lib/action_dispatch/routing/route_set.rb:39:in `serve'
  actionpack (4.2.1) lib/action_dispatch/journey/router.rb:43:in `block in serve'
  actionpack (4.2.1) lib/action_dispatch/journey/router.rb:30:in `each'
  actionpack (4.2.1) lib/action_dispatch/journey/router.rb:30:in `serve'
  actionpack (4.2.1) lib/action_dispatch/routing/route_set.rb:819:in `call'
  rack (1.6.4) lib/rack/etag.rb:24:in `call'
  rack (1.6.4) lib/rack/conditionalget.rb:25:in `call'
  rack (1.6.4) lib/rack/head.rb:13:in `call'
  actionpack (4.2.1) lib/action_dispatch/middleware/params_parser.rb:27:in `call'
  actionpack (4.2.1) lib/action_dispatch/middleware/flash.rb:260:in `call'
  rack (1.6.4) lib/rack/session/abstract/id.rb:225:in `context'
  rack (1.6.4) lib/rack/session/abstract/id.rb:220:in `call'
  actionpack (4.2.1) lib/action_dispatch/middleware/cookies.rb:560:in `call'
  activerecord (4.2.1) lib/active_record/query_cache.rb:36:in `call'
  activerecord (4.2.1) lib/active_record/connection_adapters/abstract/connection_pool.rb:649:in `call'
  activerecord (4.2.1) lib/active_record/migration.rb:378:in `call'
  actionpack (4.2.1) lib/action_dispatch/middleware/callbacks.rb:29:in `block in call'
  activesupport (4.2.1) lib/active_support/callbacks.rb:88:in `call'
  activesupport (4.2.1) lib/active_support/callbacks.rb:88:in `_run_callbacks'
  activesupport (4.2.1) lib/active_support/callbacks.rb:776:in `_run_call_callbacks'
  activesupport (4.2.1) lib/active_support/callbacks.rb:81:in `run_callbacks'
  actionpack (4.2.1) lib/action_dispatch/middleware/callbacks.rb:27:in `call'
  actionpack (4.2.1) lib/action_dispatch/middleware/reloader.rb:73:in `call'
  actionpack (4.2.1) lib/action_dispatch/middleware/remote_ip.rb:78:in `call'
  actionpack (4.2.1) lib/action_dispatch/middleware/debug_exceptions.rb:17:in `call'
  web-console (2.3.0) lib/web_console/middleware.rb:28:in `block in call'
  web-console (2.3.0) lib/web_console/middleware.rb:18:in `catch'
  web-console (2.3.0) lib/web_console/middleware.rb:18:in `call'
  actionpack (4.2.1) lib/action_dispatch/middleware/show_exceptions.rb:30:in `call'
  railties (4.2.1) lib/rails/rack/logger.rb:38:in `call_app'
  railties (4.2.1) lib/rails/rack/logger.rb:20:in `block in call'
  activesupport (4.2.1) lib/active_support/tagged_logging.rb:68:in `block in tagged'
  activesupport (4.2.1) lib/active_support/tagged_logging.rb:26:in `tagged'
  activesupport (4.2.1) lib/active_support/tagged_logging.rb:68:in `tagged'
  railties (4.2.1) lib/rails/rack/logger.rb:20:in `call'
  actionpack (4.2.1) lib/action_dispatch/middleware/request_id.rb:21:in `call'
  rack (1.6.4) lib/rack/methodoverride.rb:22:in `call'
  rack (1.6.4) lib/rack/runtime.rb:18:in `call'
  activesupport (4.2.1) lib/active_support/cache/strategy/local_cache_middleware.rb:28:in `call'
  rack (1.6.4) lib/rack/lock.rb:17:in `call'
  actionpack (4.2.1) lib/action_dispatch/middleware/static.rb:113:in `call'
  rack (1.6.4) lib/rack/sendfile.rb:113:in `call'
  railties (4.2.1) lib/rails/engine.rb:518:in `call'
  railties (4.2.1) lib/rails/application.rb:164:in `call'
  rack (1.6.4) lib/rack/lock.rb:17:in `call'
  rack (1.6.4) lib/rack/content_length.rb:15:in `call'
  rack (1.6.4) lib/rack/handler/webrick.rb:88:in `service'
  /home/mark/.rbenv/versions/2.2.2/lib/ruby/2.2.0/webrick/httpserver.rb:138:in `service'
  /home/mark/.rbenv/versions/2.2.2/lib/ruby/2.2.0/webrick/httpserver.rb:94:in `run'
  /home/mark/.rbenv/versions/2.2.2/lib/ruby/2.2.0/webrick/server.rb:294:in `block in start_thread'


  Rendered /home/mark/.rbenv/versions/2.2.2/lib/ruby/gems/2.2.0/gems/actionpack-4.2.1/lib/action_dispatch/middleware/templates/rescues/_trace.html.erb (2.1ms)
  Rendered /home/mark/.rbenv/versions/2.2.2/lib/ruby/gems/2.2.0/gems/actionpack-4.2.1/lib/action_dispatch/middleware/templates/routes/_route.html.erb (0.8ms)
  Rendered /home/mark/.rbenv/versions/2.2.2/lib/ruby/gems/2.2.0/gems/actionpack-4.2.1/lib/action_dispatch/middleware/templates/routes/_table.html.erb (1.9ms)
  Rendered /home/mark/.rbenv/versions/2.2.2/lib/ruby/gems/2.2.0/gems/actionpack-4.2.1/lib/action_dispatch/middleware/templates/rescues/_request_and_response.html.erb (1.4ms)
  Rendered /home/mark/.rbenv/versions/2.2.2/lib/ruby/gems/2.2.0/gems/actionpack-4.2.1/lib/action_dispatch/middleware/templates/rescues/routing_error.html.erb within rescues/layout (29.3ms)
  Rendered /home/mark/.rbenv/versions/2.2.2/lib/ruby/gems/2.2.0/gems/web-console-2.3.0/lib/web_console/templates/_markup.html.erb (0.5ms)
  Rendered /home/mark/.rbenv/versions/2.2.2/lib/ruby/gems/2.2.0/gems/web-console-2.3.0/lib/web_console/templates/_inner_console_markup.html.erb within layouts/inlined_string (0.4ms)
  Rendered /home/mark/.rbenv/versions/2.2.2/lib/ruby/gems/2.2.0/gems/web-console-2.3.0/lib/web_console/templates/_prompt_box_markup.html.erb within layouts/inlined_string (0.4ms)
  Rendered /home/mark/.rbenv/versions/2.2.2/lib/ruby/gems/2.2.0/gems/web-console-2.3.0/lib/web_console/templates/style.css.erb within layouts/inlined_string (0.4ms)
  Rendered /home/mark/.rbenv/versions/2.2.2/lib/ruby/gems/2.2.0/gems/web-console-2.3.0/lib/web_console/templates/console.js.erb within layouts/javascript (23.6ms)
  Rendered /home/mark/.rbenv/versions/2.2.2/lib/ruby/gems/2.2.0/gems/web-console-2.3.0/lib/web_console/templates/main.js.erb within layouts/javascript (0.4ms)
  Rendered /home/mark/.rbenv/versions/2.2.2/lib/ruby/gems/2.2.0/gems/web-console-2.3.0/lib/web_console/templates/error_page.js.erb within layouts/javascript (0.5ms)
  Rendered /home/mark/.rbenv/versions/2.2.2/lib/ruby/gems/2.2.0/gems/web-console-2.3.0/lib/web_console/templates/index.html.erb (44.7ms)


Started GET "/api/tournaments" for 127.0.0.1 at 2016-05-02 21:08:41 +0200
  [1m[36mActiveRecord::SchemaMigration Load (0.1ms)[0m  [1mSELECT "schema_migrations".* FROM "schema_migrations"[0m
Processing by Api::TournamentsController#index as HTML
  [1m[35mTournament Load (0.2ms)[0m  SELECT "tournaments".* FROM "tournaments"
Completed 200 OK in 15ms (Views: 5.9ms | ActiveRecord: 0.5ms)


Started GET "/" for 127.0.0.1 at 2016-05-02 21:09:45 +0200
Processing by Rails::WelcomeController#index as HTML
  Rendered /home/mark/.rbenv/versions/2.2.2/lib/ruby/gems/2.2.0/gems/railties-4.2.1/lib/rails/templates/rails/welcome/index.html.erb (2.4ms)
Completed 200 OK in 14ms (Views: 13.4ms | ActiveRecord: 0.0ms)


Started GET "/" for 127.0.0.1 at 2016-05-02 21:13:33 +0200
  [1m[36mActiveRecord::SchemaMigration Load (0.5ms)[0m  [1mSELECT "schema_migrations".* FROM "schema_migrations"[0m
Processing by TournamentsController#index as HTML
  Rendered tournaments/index.html.erb within layouts/application (14.7ms)
Completed 200 OK in 878ms (Views: 877.3ms | ActiveRecord: 0.0ms)


Started GET "/assets/bootstrap.self-f483ac3b88e1e3370077b698c09eeccfa05db3d0e26a303a9067085517dd829c.css?body=1" for 127.0.0.1 at 2016-05-02 21:13:34 +0200


Started GET "/assets/application.self-d885a0a66bd595c10edb24f8879f94e334d88be0730c4d7c7a7b57c731c09037.css?body=1" for 127.0.0.1 at 2016-05-02 21:13:34 +0200


Started GET "/assets/tournaments.self-1d53885462ff44d41c103d17c906ef4a37ed8dec1f32490b565087eedf41a5d7.css?body=1" for 127.0.0.1 at 2016-05-02 21:13:34 +0200


Started GET "/assets/jquery.self-c64a74367bda6ef8b860f19e74df08927ca99d2be2ac934e9e92d5fd361e0da4.js?body=1" for 127.0.0.1 at 2016-05-02 21:13:34 +0200


Started GET "/assets/jquery_readyselector.self-e8333e4cf02799551960a3d4743eee34a3486889bfb9339716ea7deafb7b5224.js?body=1" for 127.0.0.1 at 2016-05-02 21:13:34 +0200


Started GET "/assets/jquery_ujs.self-d602bdfe68ffc63b9f9cc512872aa3cfff046228a0a36e90dd476e8ef54c1b09.js?body=1" for 127.0.0.1 at 2016-05-02 21:13:34 +0200


Started GET "/assets/bootstrap.self-2bbd2c0465f01b1f8270958ddfc2e62a08915f295a35d22df2971eb936cf3c64.js?body=1" for 127.0.0.1 at 2016-05-02 21:13:34 +0200


Started GET "/assets/build-error-html.self-5fe653b6c12fee9832fa0fde9c3a201b39d4d2e094ffa0494e4545c21260ac84.js?body=1" for 127.0.0.1 at 2016-05-02 21:13:34 +0200


Started GET "/assets/build-tourney-html.self-ad498f66a5be7bd61752052559cec3db8f612030f0769e16a0b2e8da7a5752fd.js?body=1" for 127.0.0.1 at 2016-05-02 21:13:34 +0200


Started GET "/assets/build-tourney-list-html.self-b543f1c45e64cf6131722a6793a5c941c6738105abbc7cd54724623b02630080.js?body=1" for 127.0.0.1 at 2016-05-02 21:13:34 +0200


Started GET "/assets/tournament-new.self-2c228e2bdf8deb82248a753ebacc70a5d3d96d93e3c6ce75639cf3e4387f9bfd.js?body=1" for 127.0.0.1 at 2016-05-02 21:13:34 +0200


Started GET "/assets/tournaments-index.self-ae549ecf426b408499148430bdede6fc35266bac623ed81d5d000e12363a181a.js?body=1" for 127.0.0.1 at 2016-05-02 21:13:34 +0200


Started GET "/assets/tournaments.self-d8ac4eba90c65f43025ec5fba60840863af26310beecab62c6e2983dc07953f9.js?body=1" for 127.0.0.1 at 2016-05-02 21:13:34 +0200


Started GET "/assets/application.self-f8806224e027f3e3f0138ea9ce99319e298dfdb323304d1f1be6eae8e8c74724.js?body=1" for 127.0.0.1 at 2016-05-02 21:13:34 +0200


Started GET "/api/tournaments.json" for 127.0.0.1 at 2016-05-02 21:13:34 +0200
Processing by Api::TournamentsController#index as JSON
  [1m[35mTournament Load (0.4ms)[0m  SELECT "tournaments".* FROM "tournaments"
Completed 200 OK in 55ms (Views: 46.4ms | ActiveRecord: 1.0ms)


Started GET "/assets/glyphicons-halflings-regular.woff2" for 127.0.0.1 at 2016-05-02 21:13:34 +0200


Started GET "/api/tournaments" for 127.0.0.1 at 2016-05-02 21:13:49 +0200
Processing by Api::TournamentsController#index as HTML
  [1m[36mTournament Load (0.3ms)[0m  [1mSELECT "tournaments".* FROM "tournaments"[0m
Completed 200 OK in 4ms (Views: 3.0ms | ActiveRecord: 0.3ms)


Started GET "/" for 127.0.0.1 at 2016-05-02 21:14:47 +0200
Processing by TournamentsController#index as HTML
  Rendered tournaments/index.html.erb within layouts/application (1.3ms)
Completed 200 OK in 32ms (Views: 30.9ms | ActiveRecord: 0.0ms)


Started GET "/api/tournaments.json" for 127.0.0.1 at 2016-05-02 21:14:47 +0200
Processing by Api::TournamentsController#index as JSON
  [1m[35mTournament Load (0.2ms)[0m  SELECT "tournaments".* FROM "tournaments"
Completed 200 OK in 2ms (Views: 1.7ms | ActiveRecord: 0.2ms)


Started GET "/assets/glyphicons-halflings-regular.woff2" for 127.0.0.1 at 2016-05-02 21:14:47 +0200
